<?xml version="1.0" encoding="UTF-8"?>
<testng-results skipped="0" failed="0" total="1" passed="1">
  <reporter-output>
    <line>
      <![CDATA[Mouse hover is  selected]]>
    </line>
    <line>
      <![CDATA[link click is successfull]]>
    </line>
    <line>
      <![CDATA[link click is successfull]]>
    </line>
    <line>
      <![CDATA[link click is successfull]]>
    </line>
    <line>
      <![CDATA[link click is successfull]]>
    </line>
    <line>
      <![CDATA[link click is successfull]]>
    </line>
    <line>
      <![CDATA[link click is successfull]]>
    </line>
    <line>
      <![CDATA[link click is successfull]]>
    </line>
  </reporter-output>
  <suite name="Default suite" duration-ms="72892" started-at="2018-08-04T05:06:15Z" finished-at="2018-08-04T05:07:28Z">
    <groups>
    </groups>
    <test name="Default test" duration-ms="72892" started-at="2018-08-04T05:06:15Z" finished-at="2018-08-04T05:07:28Z">
      <class name="scripts.toVerifyEmptyCart">
        <test-method status="PASS" signature="openAppln()[pri:0, instance:scripts.toVerifyEmptyCart@6093dd95]" name="openAppln" is-config="true" duration-ms="34711" started-at="2018-08-04T10:36:15Z" finished-at="2018-08-04T10:36:50Z">
          <reporter-output>
          </reporter-output>
        </test-method> <!-- openAppln -->
        <test-method status="PASS" signature="testToVerifyAddtoShoppingCart()[pri:0, instance:scripts.toVerifyEmptyCart@6093dd95]" name="testToVerifyAddtoShoppingCart" duration-ms="36317" started-at="2018-08-04T10:36:50Z" finished-at="2018-08-04T10:37:26Z">
          <reporter-output>
            <line>
              <![CDATA[Mouse hover is  selected]]>
            </line>
            <line>
              <![CDATA[link click is successfull]]>
            </line>
            <line>
              <![CDATA[link click is successfull]]>
            </line>
            <line>
              <![CDATA[link click is successfull]]>
            </line>
            <line>
              <![CDATA[link click is successfull]]>
            </line>
            <line>
              <![CDATA[link click is successfull]]>
            </line>
            <line>
              <![CDATA[link click is successfull]]>
            </line>
            <line>
              <![CDATA[link click is successfull]]>
            </line>
          </reporter-output>
        </test-method> <!-- testToVerifyAddtoShoppingCart -->
        <test-method status="PASS" signature="closeAppln()[pri:0, instance:scripts.toVerifyEmptyCart@6093dd95]" name="closeAppln" is-config="true" duration-ms="1833" started-at="2018-08-04T10:37:26Z" finished-at="2018-08-04T10:37:28Z">
          <reporter-output>
          </reporter-output>
        </test-method> <!-- closeAppln -->
      </class> <!-- scripts.toVerifyEmptyCart -->
    </test> <!-- Default test -->
  </suite> <!-- Default suite -->
</testng-results>
